<?xml version="1.0" encoding="UTF-8"?>
<!-- Generated by org.testng.reporters.JUnitReportReporter -->
<testsuite hostname="W-PF0XLHUC" failures="0" tests="1" name="Tests_POST" time="6.507" errors="0" timestamp="2021-03-07T00:43:43 IST" skipped="0">
  <testcase classname="Tests_POST" name="test_2_put" time="6.507"/>
  <system-out/>
</testsuite> <!-- Tests_POST -->
