<?xml version="1.0" encoding="UTF-8"?>
<!-- Generated by org.testng.reporters.JUnitReportReporter -->
<testsuite hostname="W-PF0XLHUC" failures="0" tests="1" name="Tests_GET" time="4.884" errors="0" timestamp="2021-03-07T00:19:26 IST" skipped="0">
  <testcase classname="Tests_GET" name="test_1" time="4.884"/>
  <system-out/>
</testsuite> <!-- Tests_GET -->
